<?xml version="1.0" encoding="UTF-8"?>
<!-- Generated by org.testng.reporters.JUnitReportReporter -->
<testsuite skipped="0" hostname="ip-172-31-1-207" name="test2.Groups" tests="1" failures="0" timestamp="2021-02-24T11:03:32 UTC" time="0.007" errors="0">
  <testcase name="method1" time="0.007" classname="test2.Groups"/>
  <system-out/>
</testsuite> <!-- test2.Groups -->
