<?xml version="1.0" encoding="UTF-8"?>
<!-- Generated by org.testng.reporters.JUnitReportReporter -->
<testsuite skipped="0" hostname="ip-172-31-1-207" name="test2.Annotations" tests="2" failures="0" timestamp="2021-02-19T06:42:14 UTC" time="0.014" errors="0">
  <testcase name="method2" time="0.005" classname="test2.Annotations"/>
  <system-out/>
  <testcase name="method1" time="0.009" classname="test2.Annotations"/>
  <system-out/>
</testsuite> <!-- test2.Annotations -->
