<?xml version="1.0" encoding="UTF-8"?>
<!-- Generated by org.testng.reporters.JUnitReportReporter -->
<testsuite skipped="0" hostname="ip-172-31-1-207" name="TestNG_Basics.priority_test" tests="3" failures="0" timestamp="2021-02-24T10:21:14 UTC" time="0.011" errors="0">
  <testcase name="test2" time="0.009" classname="TestNG_Basics.priority_test"/>
  <system-out/>
  <testcase name="test3" time="0.001" classname="TestNG_Basics.priority_test"/>
  <system-out/>
  <testcase name="test1" time="0.001" classname="TestNG_Basics.priority_test"/>
  <system-out/>
</testsuite> <!-- TestNG_Basics.priority_test -->
