<?xml version="1.0" encoding="UTF-8"?>
<!-- Generated by org.testng.reporters.JUnitReportReporter -->
<testsuite skipped="0" hostname="ip-172-31-1-207" name="TestNG_Basics.Beforemethod" tests="2" failures="0" timestamp="2021-02-24T10:59:35 UTC" time="0.011" errors="0">
  <testcase name="sum" time="0.006" classname="TestNG_Basics.Beforemethod"/>
  <system-out/>
  <testcase name="difference" time="0.005" classname="TestNG_Basics.Beforemethod"/>
  <system-out/>
</testsuite> <!-- TestNG_Basics.Beforemethod -->
