<?xml version="1.0" encoding="UTF-8"?>
<!-- Generated by org.testng.reporters.JUnitReportReporter -->
<testsuite skipped="0" hostname="ip-172-31-1-207" name="TestNG_Basics.parameters" tests="1" failures="0" timestamp="2021-02-24T11:30:41 UTC" time="0.010" errors="0">
  <testcase name="add" time="0.010" classname="TestNG_Basics.parameters"/>
  <system-out/>
</testsuite> <!-- TestNG_Basics.parameters -->
