<?xml version="1.0" encoding="UTF-8"?>
<!-- Generated by org.testng.reporters.JUnitReportReporter -->
<testsuite skipped="0" hostname="ip-172-31-1-207" name="test2.TestCase1" tests="1" failures="0" timestamp="2021-02-19T06:05:45 UTC" time="0.013" errors="0">
  <testcase name="method1" time="0.013" classname="test2.TestCase1"/>
  <system-out/>
</testsuite> <!-- test2.TestCase1 -->
